<?xml version="1.0" encoding="UTF-8"?>
<!-- Generated by org.testng.reporters.JUnitXMLReporter -->
<testsuite ignored="0" hostname="KABIR" failures="0" tests="10" name="orangehrm tests" time="405.68" errors="0" timestamp="2023-01-24T16:53:33 EST">
  <testcase classname="test.TestLogIn" name="logInOnHomePage" time="14.097"/>
  <testcase classname="test.TestAddContact" name="addEmergencyContact" time="41.735"/>
  <testcase classname="test.TestPIM" name="findOutEmployeeById" time="27.777"/>
  <testcase classname="test.TestQualifications" name="qualificationsAddWorkExperience" time="43.136"/>
  <testcase classname="test.TestManagerReviews" name="managerReviewsFromDropDown" time="24.629"/>
  <testcase classname="test.TestReportsOfQAEngineers" name="reportGeneration" time="32.658"/>
  <testcase classname="test.TestTimeSheets" name="timeSheetsForEmployees" time="29.519"/>
  <testcase classname="test.TestLogOut" name="logOutFromOrangehrmPage" time="20.743"/>
  <testcase classname="test.TestPostComments" name="postCommentsAndLikeIt" time="23.505"/>
  <testcase classname="test.TestSharePost" name="sharePostAndComments" time="26.588"/>
</testsuite> <!-- orangehrm tests -->
