<?xml version="1.0" encoding="UTF-8"?>
<!-- Generated by org.testng.reporters.JUnitXMLReporter -->
<testsuite ignored="0" hostname="KABIR" failures="0" tests="5" name="orangehrm tests" time="85.918" errors="0" timestamp="2023-02-06T10:16:25 EST">
  <testcase classname="test.TestAddInfoEverything" name="assignAndClickOnAddDependentsAndCancel" time="5.45"/>
  <testcase classname="test.TestAddInfoEverything" name="addressAndContactDetailsSubmit" time="6.077"/>
  <testcase classname="test.TestAddInfoEverything" name="addEmergencyContact" time="8.738"/>
  <testcase classname="test.TestAddInfoEverything" name="immigrationRecordAddStatus" time="6.926"/>
  <testcase classname="test.TestAddInfoEverything" name="jobDetailsIncludingContactDetails" time="6.312"/>
</testsuite> <!-- orangehrm tests -->
