<?xml version="1.0" encoding="UTF-8"?>
<!-- Generated by org.testng.reporters.JUnitXMLReporter -->
<testsuite ignored="0" hostname="Hemal" failures="1" tests="1" name="ui.freecrm tests" time="21.549" errors="0" timestamp="2023-02-07T17:00:37 GMT-12:00">
  <testcase classname="test.RadioTest" name="radioMethod" time="1.148">
    <failure type="java.lang.NullPointerException">
      <![CDATA[java.lang.NullPointerException
at base.CommonAPI.clickWithJavaScript(CommonAPI.java:132)
at page.RadioBtn.setClickOnRadioBox(RadioBtn.java:27)
at test.RadioTest.radioMethod(RadioTest.java:22)
at java.base/java.util.ArrayList.forEach(ArrayList.java:1541)
at com.intellij.rt.testng.IDEARemoteTestNG.run(IDEARemoteTestNG.java:66)
at com.intellij.rt.testng.RemoteTestNGStarter.main(RemoteTestNGStarter.java:109)
... Removed 24 stack frames]]>
    </failure>
  </testcase> <!-- radioMethod -->
</testsuite> <!-- ui.freecrm tests -->
