<?xml version="1.0" encoding="UTF-8"?>
<testng-results ignored="0" total="1" passed="1" failed="0" skipped="0">
  <reporter-output>
    <line>
      <![CDATA[Extent Report DirectoryC:\Users\hemal\IdeaProjects\group2-automation-final-bootcamp\target\surefire-reports\html]]>
    </line>
  </reporter-output>
  <suite started-at="2023-02-08T18:35:35 GMT-12:00" name="ui.freecrm test" finished-at="2023-02-08T18:35:49 GMT-12:00" duration-ms="13921">
    <groups>
    </groups>
    <test started-at="2023-02-08T18:35:35 GMT-12:00" name="ui.freecrm tests" finished-at="2023-02-08T18:35:49 GMT-12:00" duration-ms="13921">
      <class name="test.LoginTest">
        <test-method is-config="true" signature="extentSetup(org.testng.ITestContext)[pri:0, instance:test.LoginTest@165b2f7f]" started-at="2023-02-08T18:35:35 GMT-12:00" name="extentSetup" finished-at="2023-02-08T18:35:35 GMT-12:00" duration-ms="106" status="PASS">
          <params>
            <param index="0">
              <value>
                <![CDATA[org.testng.TestRunner@3878be7b]]>
              </value>
            </param>
          </params>
          <reporter-output>
            <line>
              <![CDATA[Extent Report DirectoryC:\Users\hemal\IdeaProjects\group2-automation-final-bootcamp\target\surefire-reports\html]]>
            </line>
          </reporter-output>
        </test-method> <!-- extentSetup -->
        <test-method is-config="true" signature="setUp(boolean,java.lang.String,java.lang.String,java.lang.String,java.lang.String,java.lang.String,java.lang.String)[pri:0, instance:test.LoginTest@165b2f7f]" started-at="2023-02-08T18:35:35 GMT-12:00" name="setUp" finished-at="2023-02-08T18:35:39 GMT-12:00" duration-ms="3692" status="PASS">
          <params>
            <param index="0">
              <value>
                <![CDATA[false]]>
              </value>
            </param>
            <param index="1">
              <value>
                <![CDATA[browserstack]]>
              </value>
            </param>
            <param index="2">
              <value>
                <![CDATA[windows]]>
              </value>
            </param>
            <param index="3">
              <value>
                <![CDATA[10]]>
              </value>
            </param>
            <param index="4">
              <value>
                <![CDATA[Chrome]]>
              </value>
            </param>
            <param index="5">
              <value>
                <![CDATA[100]]>
              </value>
            </param>
            <param index="6">
              <value>
                <![CDATA[https://ui.freecrm.com/]]>
              </value>
            </param>
          </params>
          <reporter-output>
          </reporter-output>
        </test-method> <!-- setUp -->
        <test-method is-config="true" signature="startExtent(java.lang.reflect.Method)[pri:0, instance:test.LoginTest@165b2f7f]" started-at="2023-02-08T18:35:39 GMT-12:00" name="startExtent" finished-at="2023-02-08T18:35:39 GMT-12:00" duration-ms="9" status="PASS">
          <params>
            <param index="0">
              <value>
                <![CDATA[public void test.LoginTest.testLogin() throws java.lang.InterruptedException]]>
              </value>
            </param>
          </params>
          <reporter-output>
          </reporter-output>
        </test-method> <!-- startExtent -->
        <test-method signature="testLogin()[pri:0, instance:test.LoginTest@165b2f7f]" started-at="2023-02-08T18:35:39 GMT-12:00" name="testLogin" finished-at="2023-02-08T18:35:48 GMT-12:00" duration-ms="9372" status="PASS">
          <reporter-output>
          </reporter-output>
        </test-method> <!-- testLogin -->
        <test-method is-config="true" signature="afterEachTestMethod(org.testng.ITestResult)[pri:0, instance:test.LoginTest@165b2f7f]" started-at="2023-02-08T18:35:48 GMT-12:00" name="afterEachTestMethod" finished-at="2023-02-08T18:35:49 GMT-12:00" duration-ms="805" status="PASS">
          <params>
            <param index="0">
              <value>
                <![CDATA[[TestResult name=testLogin status=SUCCESS method=LoginTest.testLogin()[pri:0, instance:test.LoginTest@165b2f7f] output={null}]]]>
              </value>
            </param>
          </params>
          <reporter-output>
          </reporter-output>
        </test-method> <!-- afterEachTestMethod -->
        <test-method is-config="true" signature="generateReport()[pri:0, instance:test.LoginTest@165b2f7f]" started-at="2023-02-08T18:35:49 GMT-12:00" name="generateReport" finished-at="2023-02-08T18:35:49 GMT-12:00" duration-ms="63" status="PASS">
          <reporter-output>
          </reporter-output>
        </test-method> <!-- generateReport -->
      </class> <!-- test.LoginTest -->
    </test> <!-- ui.freecrm tests -->
  </suite> <!-- ui.freecrm test -->
</testng-results>
