<?xml version="1.0" encoding="UTF-8"?>
<testng-results ignored="0" total="5" passed="5" failed="0" skipped="0">
  <reporter-output>
    <line>
      <![CDATA[Extent Report DirectoryC:\Users\munna\InteliiJ\web-automation-framework-final-Bootcamp\test-output\html]]>
    </line>
  </reporter-output>
  <suite started-at="2023-02-06T10:14:59 EST" name="orangehrm test" finished-at="2023-02-06T10:16:25 EST" duration-ms="85918">
    <groups>
    </groups>
    <test started-at="2023-02-06T10:14:59 EST" name="orangehrm tests" finished-at="2023-02-06T10:16:25 EST" duration-ms="85918">
      <class name="test.TestAddInfoEverything">
        <test-method is-config="true" signature="extentSetup(org.testng.ITestContext)[pri:0, instance:test.TestAddInfoEverything@659a2455]" started-at="2023-02-06T10:14:58 EST" name="extentSetup" finished-at="2023-02-06T10:14:59 EST" duration-ms="139" status="PASS">
          <params>
            <param index="0">
              <value>
                <![CDATA[org.testng.TestRunner@1d3d76b4]]>
              </value>
            </param>
          </params>
          <reporter-output>
            <line>
              <![CDATA[Extent Report DirectoryC:\Users\munna\InteliiJ\web-automation-framework-final-Bootcamp\test-output\html]]>
            </line>
          </reporter-output>
        </test-method> <!-- extentSetup -->
        <test-method is-config="true" signature="setUp(boolean,java.lang.String,java.lang.String,java.lang.String,java.lang.String,java.lang.String,java.lang.String)[pri:0, instance:test.TestAddInfoEverything@659a2455]" started-at="2023-02-06T10:14:59 EST" name="setUp" finished-at="2023-02-06T10:15:17 EST" duration-ms="18540" status="PASS">
          <params>
            <param index="0">
              <value>
                <![CDATA[false]]>
              </value>
            </param>
            <param index="1">
              <value>
                <![CDATA[browserstack]]>
              </value>
            </param>
            <param index="2">
              <value>
                <![CDATA[windows]]>
              </value>
            </param>
            <param index="3">
              <value>
                <![CDATA[10]]>
              </value>
            </param>
            <param index="4">
              <value>
                <![CDATA[Chrome]]>
              </value>
            </param>
            <param index="5">
              <value>
                <![CDATA[100]]>
              </value>
            </param>
            <param index="6">
              <value>
                <![CDATA[https://opensource-demo.orangehrmlive.com/]]>
              </value>
            </param>
          </params>
          <reporter-output>
          </reporter-output>
        </test-method> <!-- setUp -->
        <test-method is-config="true" signature="startExtent(java.lang.reflect.Method)[pri:0, instance:test.TestAddInfoEverything@659a2455]" started-at="2023-02-06T10:15:17 EST" name="startExtent" finished-at="2023-02-06T10:15:17 EST" duration-ms="12" status="PASS">
          <params>
            <param index="0">
              <value>
                <![CDATA[public void test.TestAddInfoEverything.assignAndClickOnAddDependentsAndCancel()]]>
              </value>
            </param>
          </params>
          <reporter-output>
          </reporter-output>
        </test-method> <!-- startExtent -->
        <test-method signature="assignAndClickOnAddDependentsAndCancel()[pri:0, instance:test.TestAddInfoEverything@659a2455]" started-at="2023-02-06T10:15:17 EST" name="assignAndClickOnAddDependentsAndCancel" finished-at="2023-02-06T10:15:23 EST" duration-ms="5450" status="PASS">
          <reporter-output>
          </reporter-output>
        </test-method> <!-- assignAndClickOnAddDependentsAndCancel -->
        <test-method is-config="true" signature="afterEachTestMethod(org.testng.ITestResult)[pri:0, instance:test.TestAddInfoEverything@659a2455]" started-at="2023-02-06T10:15:23 EST" name="afterEachTestMethod" finished-at="2023-02-06T10:15:23 EST" duration-ms="687" status="PASS">
          <params>
            <param index="0">
              <value>
                <![CDATA[[TestResult name=assignAndClickOnAddDependentsAndCancel status=SUCCESS method=TestAddInfoEverything.assignAndClickOnAddDependentsAndCancel()[pri:0, instance:test.TestAddInfoEverything@659a2455] output={null}]]]>
              </value>
            </param>
          </params>
          <reporter-output>
          </reporter-output>
        </test-method> <!-- afterEachTestMethod -->
        <test-method is-config="true" signature="setUp(boolean,java.lang.String,java.lang.String,java.lang.String,java.lang.String,java.lang.String,java.lang.String)[pri:0, instance:test.TestAddInfoEverything@659a2455]" started-at="2023-02-06T10:15:23 EST" name="setUp" finished-at="2023-02-06T10:15:29 EST" duration-ms="5252" status="PASS">
          <params>
            <param index="0">
              <value>
                <![CDATA[false]]>
              </value>
            </param>
            <param index="1">
              <value>
                <![CDATA[browserstack]]>
              </value>
            </param>
            <param index="2">
              <value>
                <![CDATA[windows]]>
              </value>
            </param>
            <param index="3">
              <value>
                <![CDATA[10]]>
              </value>
            </param>
            <param index="4">
              <value>
                <![CDATA[Chrome]]>
              </value>
            </param>
            <param index="5">
              <value>
                <![CDATA[100]]>
              </value>
            </param>
            <param index="6">
              <value>
                <![CDATA[https://opensource-demo.orangehrmlive.com/]]>
              </value>
            </param>
          </params>
          <reporter-output>
          </reporter-output>
        </test-method> <!-- setUp -->
        <test-method signature="addressAndContactDetailsSubmit()[pri:0, instance:test.TestAddInfoEverything@659a2455]" started-at="2023-02-06T10:15:29 EST" name="addressAndContactDetailsSubmit" finished-at="2023-02-06T10:15:35 EST" depends-on-methods="test.TestAddInfoEverything.assignAndClickOnAddDependentsAndCancel" duration-ms="6077" status="PASS">
          <reporter-output>
          </reporter-output>
        </test-method> <!-- addressAndContactDetailsSubmit -->
        <test-method is-config="true" signature="startExtent(java.lang.reflect.Method)[pri:0, instance:test.TestAddInfoEverything@659a2455]" started-at="2023-02-06T10:15:29 EST" name="startExtent" finished-at="2023-02-06T10:15:29 EST" duration-ms="0" status="PASS">
          <params>
            <param index="0">
              <value>
                <![CDATA[public void test.TestAddInfoEverything.addressAndContactDetailsSubmit()]]>
              </value>
            </param>
          </params>
          <reporter-output>
          </reporter-output>
        </test-method> <!-- startExtent -->
        <test-method is-config="true" signature="afterEachTestMethod(org.testng.ITestResult)[pri:0, instance:test.TestAddInfoEverything@659a2455]" started-at="2023-02-06T10:15:35 EST" name="afterEachTestMethod" finished-at="2023-02-06T10:15:35 EST" duration-ms="230" status="PASS">
          <params>
            <param index="0">
              <value>
                <![CDATA[[TestResult name=addressAndContactDetailsSubmit status=SUCCESS method=TestAddInfoEverything.addressAndContactDetailsSubmit()[pri:0, instance:test.TestAddInfoEverything@659a2455] output={null}]]]>
              </value>
            </param>
          </params>
          <reporter-output>
          </reporter-output>
        </test-method> <!-- afterEachTestMethod -->
        <test-method is-config="true" signature="setUp(boolean,java.lang.String,java.lang.String,java.lang.String,java.lang.String,java.lang.String,java.lang.String)[pri:0, instance:test.TestAddInfoEverything@659a2455]" started-at="2023-02-06T10:15:35 EST" name="setUp" finished-at="2023-02-06T10:15:42 EST" duration-ms="6997" status="PASS">
          <params>
            <param index="0">
              <value>
                <![CDATA[false]]>
              </value>
            </param>
            <param index="1">
              <value>
                <![CDATA[browserstack]]>
              </value>
            </param>
            <param index="2">
              <value>
                <![CDATA[windows]]>
              </value>
            </param>
            <param index="3">
              <value>
                <![CDATA[10]]>
              </value>
            </param>
            <param index="4">
              <value>
                <![CDATA[Chrome]]>
              </value>
            </param>
            <param index="5">
              <value>
                <![CDATA[100]]>
              </value>
            </param>
            <param index="6">
              <value>
                <![CDATA[https://opensource-demo.orangehrmlive.com/]]>
              </value>
            </param>
          </params>
          <reporter-output>
          </reporter-output>
        </test-method> <!-- setUp -->
        <test-method is-config="true" signature="startExtent(java.lang.reflect.Method)[pri:0, instance:test.TestAddInfoEverything@659a2455]" started-at="2023-02-06T10:15:42 EST" name="startExtent" finished-at="2023-02-06T10:15:42 EST" duration-ms="1" status="PASS">
          <params>
            <param index="0">
              <value>
                <![CDATA[public void test.TestAddInfoEverything.addEmergencyContact() throws java.lang.InterruptedException]]>
              </value>
            </param>
          </params>
          <reporter-output>
          </reporter-output>
        </test-method> <!-- startExtent -->
        <test-method signature="addEmergencyContact()[pri:0, instance:test.TestAddInfoEverything@659a2455]" started-at="2023-02-06T10:15:42 EST" name="addEmergencyContact" finished-at="2023-02-06T10:15:51 EST" depends-on-methods="test.TestAddInfoEverything.addressAndContactDetailsSubmit" duration-ms="8738" status="PASS">
          <reporter-output>
          </reporter-output>
        </test-method> <!-- addEmergencyContact -->
        <test-method is-config="true" signature="afterEachTestMethod(org.testng.ITestResult)[pri:0, instance:test.TestAddInfoEverything@659a2455]" started-at="2023-02-06T10:15:51 EST" name="afterEachTestMethod" finished-at="2023-02-06T10:15:51 EST" duration-ms="225" status="PASS">
          <params>
            <param index="0">
              <value>
                <![CDATA[[TestResult name=addEmergencyContact status=SUCCESS method=TestAddInfoEverything.addEmergencyContact()[pri:0, instance:test.TestAddInfoEverything@659a2455] output={null}]]]>
              </value>
            </param>
          </params>
          <reporter-output>
          </reporter-output>
        </test-method> <!-- afterEachTestMethod -->
        <test-method is-config="true" signature="setUp(boolean,java.lang.String,java.lang.String,java.lang.String,java.lang.String,java.lang.String,java.lang.String)[pri:0, instance:test.TestAddInfoEverything@659a2455]" started-at="2023-02-06T10:15:51 EST" name="setUp" finished-at="2023-02-06T10:16:01 EST" duration-ms="10596" status="PASS">
          <params>
            <param index="0">
              <value>
                <![CDATA[false]]>
              </value>
            </param>
            <param index="1">
              <value>
                <![CDATA[browserstack]]>
              </value>
            </param>
            <param index="2">
              <value>
                <![CDATA[windows]]>
              </value>
            </param>
            <param index="3">
              <value>
                <![CDATA[10]]>
              </value>
            </param>
            <param index="4">
              <value>
                <![CDATA[Chrome]]>
              </value>
            </param>
            <param index="5">
              <value>
                <![CDATA[100]]>
              </value>
            </param>
            <param index="6">
              <value>
                <![CDATA[https://opensource-demo.orangehrmlive.com/]]>
              </value>
            </param>
          </params>
          <reporter-output>
          </reporter-output>
        </test-method> <!-- setUp -->
        <test-method is-config="true" signature="startExtent(java.lang.reflect.Method)[pri:0, instance:test.TestAddInfoEverything@659a2455]" started-at="2023-02-06T10:16:01 EST" name="startExtent" finished-at="2023-02-06T10:16:01 EST" duration-ms="3" status="PASS">
          <params>
            <param index="0">
              <value>
                <![CDATA[public void test.TestAddInfoEverything.immigrationRecordAddStatus()]]>
              </value>
            </param>
          </params>
          <reporter-output>
          </reporter-output>
        </test-method> <!-- startExtent -->
        <test-method signature="immigrationRecordAddStatus()[pri:1, instance:test.TestAddInfoEverything@659a2455]" started-at="2023-02-06T10:16:01 EST" name="immigrationRecordAddStatus" finished-at="2023-02-06T10:16:08 EST" duration-ms="6926" status="PASS">
          <reporter-output>
          </reporter-output>
        </test-method> <!-- immigrationRecordAddStatus -->
        <test-method is-config="true" signature="afterEachTestMethod(org.testng.ITestResult)[pri:0, instance:test.TestAddInfoEverything@659a2455]" started-at="2023-02-06T10:16:08 EST" name="afterEachTestMethod" finished-at="2023-02-06T10:16:09 EST" duration-ms="251" status="PASS">
          <params>
            <param index="0">
              <value>
                <![CDATA[[TestResult name=immigrationRecordAddStatus status=SUCCESS method=TestAddInfoEverything.immigrationRecordAddStatus()[pri:1, instance:test.TestAddInfoEverything@659a2455] output={null}]]]>
              </value>
            </param>
          </params>
          <reporter-output>
          </reporter-output>
        </test-method> <!-- afterEachTestMethod -->
        <test-method is-config="true" signature="setUp(boolean,java.lang.String,java.lang.String,java.lang.String,java.lang.String,java.lang.String,java.lang.String)[pri:0, instance:test.TestAddInfoEverything@659a2455]" started-at="2023-02-06T10:16:09 EST" name="setUp" finished-at="2023-02-06T10:16:18 EST" duration-ms="9408" status="PASS">
          <params>
            <param index="0">
              <value>
                <![CDATA[false]]>
              </value>
            </param>
            <param index="1">
              <value>
                <![CDATA[browserstack]]>
              </value>
            </param>
            <param index="2">
              <value>
                <![CDATA[windows]]>
              </value>
            </param>
            <param index="3">
              <value>
                <![CDATA[10]]>
              </value>
            </param>
            <param index="4">
              <value>
                <![CDATA[Chrome]]>
              </value>
            </param>
            <param index="5">
              <value>
                <![CDATA[100]]>
              </value>
            </param>
            <param index="6">
              <value>
                <![CDATA[https://opensource-demo.orangehrmlive.com/]]>
              </value>
            </param>
          </params>
          <reporter-output>
          </reporter-output>
        </test-method> <!-- setUp -->
        <test-method is-config="true" signature="startExtent(java.lang.reflect.Method)[pri:0, instance:test.TestAddInfoEverything@659a2455]" started-at="2023-02-06T10:16:18 EST" name="startExtent" finished-at="2023-02-06T10:16:18 EST" duration-ms="2" status="PASS">
          <params>
            <param index="0">
              <value>
                <![CDATA[public void test.TestAddInfoEverything.jobDetailsIncludingContactDetails()]]>
              </value>
            </param>
          </params>
          <reporter-output>
          </reporter-output>
        </test-method> <!-- startExtent -->
        <test-method signature="jobDetailsIncludingContactDetails()[pri:2, instance:test.TestAddInfoEverything@659a2455]" started-at="2023-02-06T10:16:18 EST" name="jobDetailsIncludingContactDetails" finished-at="2023-02-06T10:16:24 EST" duration-ms="6312" status="PASS">
          <reporter-output>
          </reporter-output>
        </test-method> <!-- jobDetailsIncludingContactDetails -->
        <test-method is-config="true" signature="afterEachTestMethod(org.testng.ITestResult)[pri:0, instance:test.TestAddInfoEverything@659a2455]" started-at="2023-02-06T10:16:24 EST" name="afterEachTestMethod" finished-at="2023-02-06T10:16:25 EST" duration-ms="178" status="PASS">
          <params>
            <param index="0">
              <value>
                <![CDATA[[TestResult name=jobDetailsIncludingContactDetails status=SUCCESS method=TestAddInfoEverything.jobDetailsIncludingContactDetails()[pri:2, instance:test.TestAddInfoEverything@659a2455] output={null}]]]>
              </value>
            </param>
          </params>
          <reporter-output>
          </reporter-output>
        </test-method> <!-- afterEachTestMethod -->
        <test-method is-config="true" signature="generateReport()[pri:0, instance:test.TestAddInfoEverything@659a2455]" started-at="2023-02-06T10:16:25 EST" name="generateReport" finished-at="2023-02-06T10:16:25 EST" duration-ms="46" status="PASS">
          <reporter-output>
          </reporter-output>
        </test-method> <!-- generateReport -->
      </class> <!-- test.TestAddInfoEverything -->
    </test> <!-- orangehrm tests -->
  </suite> <!-- orangehrm test -->
</testng-results>
