<?xml version="1.0" encoding="UTF-8"?>
<testng-results ignored="0" total="5" passed="5" failed="0" skipped="0">
  <reporter-output>
  </reporter-output>
  <suite started-at="2023-01-31T18:21:58 GMT-12:00" name="ui.freecrm test" finished-at="2023-01-31T18:23:42 GMT-12:00" duration-ms="104382">
    <groups>
    </groups>
    <test started-at="2023-01-31T18:21:58 GMT-12:00" name="ui.freecrm tests" finished-at="2023-01-31T18:23:42 GMT-12:00" duration-ms="104382">
      <class name="test.LogoTest">
        <test-method is-config="true" signature="setUp(java.lang.String,java.lang.String)[pri:0, instance:test.LogoTest@4cc6fa2a]" started-at="2023-01-31T18:23:14 GMT-12:00" name="setUp" finished-at="2023-01-31T18:23:16 GMT-12:00" duration-ms="2347" status="PASS">
          <params>
            <param index="0">
              <value>
                <![CDATA[https://ui.freecrm.com/]]>
              </value>
            </param>
            <param index="1">
              <value>
                <![CDATA[Chrome]]>
              </value>
            </param>
          </params>
          <reporter-output>
          </reporter-output>
        </test-method> <!-- setUp -->
        <test-method signature="logoMethod()[pri:0, instance:test.LogoTest@4cc6fa2a]" started-at="2023-01-31T18:23:16 GMT-12:00" name="logoMethod" finished-at="2023-01-31T18:23:26 GMT-12:00" duration-ms="9313" status="PASS">
          <reporter-output>
          </reporter-output>
        </test-method> <!-- logoMethod -->
        <test-method is-config="true" signature="tearDown()[pri:0, instance:test.LogoTest@4cc6fa2a]" started-at="2023-01-31T18:23:26 GMT-12:00" name="tearDown" finished-at="2023-01-31T18:23:42 GMT-12:00" duration-ms="16271" status="PASS">
          <reporter-output>
          </reporter-output>
        </test-method> <!-- tearDown -->
      </class> <!-- test.LogoTest -->
      <class name="test.DropDownTest">
        <test-method is-config="true" signature="setUp(java.lang.String,java.lang.String)[pri:0, instance:test.DropDownTest@51cd7ffc]" started-at="2023-01-31T18:22:49 GMT-12:00" name="setUp" finished-at="2023-01-31T18:22:52 GMT-12:00" duration-ms="2409" status="PASS">
          <params>
            <param index="0">
              <value>
                <![CDATA[https://ui.freecrm.com/]]>
              </value>
            </param>
            <param index="1">
              <value>
                <![CDATA[Chrome]]>
              </value>
            </param>
          </params>
          <reporter-output>
          </reporter-output>
        </test-method> <!-- setUp -->
        <test-method signature="testMethod()[pri:0, instance:test.DropDownTest@51cd7ffc]" started-at="2023-01-31T18:22:52 GMT-12:00" name="testMethod" finished-at="2023-01-31T18:23:03 GMT-12:00" duration-ms="10978" status="PASS">
          <reporter-output>
          </reporter-output>
        </test-method> <!-- testMethod -->
        <test-method is-config="true" signature="tearDown()[pri:0, instance:test.DropDownTest@51cd7ffc]" started-at="2023-01-31T18:23:03 GMT-12:00" name="tearDown" finished-at="2023-01-31T18:23:03 GMT-12:00" duration-ms="105" status="PASS">
          <reporter-output>
          </reporter-output>
        </test-method> <!-- tearDown -->
      </class> <!-- test.DropDownTest -->
      <class name="test.LoginTest">
        <test-method is-config="true" signature="setUp(java.lang.String,java.lang.String)[pri:0, instance:test.LoginTest@4c4d27c8]" started-at="2023-01-31T18:21:58 GMT-12:00" name="setUp" finished-at="2023-01-31T18:22:01 GMT-12:00" duration-ms="3125" status="PASS">
          <params>
            <param index="0">
              <value>
                <![CDATA[https://ui.freecrm.com/]]>
              </value>
            </param>
            <param index="1">
              <value>
                <![CDATA[Chrome]]>
              </value>
            </param>
          </params>
          <reporter-output>
          </reporter-output>
        </test-method> <!-- setUp -->
        <test-method signature="testLogin()[pri:0, instance:test.LoginTest@4c4d27c8]" started-at="2023-01-31T18:22:01 GMT-12:00" name="testLogin" finished-at="2023-01-31T18:22:10 GMT-12:00" duration-ms="9348" status="PASS">
          <reporter-output>
          </reporter-output>
        </test-method> <!-- testLogin -->
        <test-method is-config="true" signature="tearDown()[pri:0, instance:test.LoginTest@4c4d27c8]" started-at="2023-01-31T18:22:10 GMT-12:00" name="tearDown" finished-at="2023-01-31T18:22:26 GMT-12:00" duration-ms="16300" status="PASS">
          <reporter-output>
          </reporter-output>
        </test-method> <!-- tearDown -->
      </class> <!-- test.LoginTest -->
      <class name="test.MouseHoverTest">
        <test-method is-config="true" signature="setUp(java.lang.String,java.lang.String)[pri:0, instance:test.MouseHoverTest@30d4b288]" started-at="2023-01-31T18:23:03 GMT-12:00" name="setUp" finished-at="2023-01-31T18:23:06 GMT-12:00" duration-ms="3385" status="PASS">
          <params>
            <param index="0">
              <value>
                <![CDATA[https://ui.freecrm.com/]]>
              </value>
            </param>
            <param index="1">
              <value>
                <![CDATA[Chrome]]>
              </value>
            </param>
          </params>
          <reporter-output>
          </reporter-output>
        </test-method> <!-- setUp -->
        <test-method signature="popupMethod()[pri:0, instance:test.MouseHoverTest@30d4b288]" started-at="2023-01-31T18:23:06 GMT-12:00" name="popupMethod" finished-at="2023-01-31T18:23:14 GMT-12:00" duration-ms="7937" status="PASS">
          <reporter-output>
          </reporter-output>
        </test-method> <!-- popupMethod -->
        <test-method is-config="true" signature="tearDown()[pri:0, instance:test.MouseHoverTest@30d4b288]" started-at="2023-01-31T18:23:14 GMT-12:00" name="tearDown" finished-at="2023-01-31T18:23:14 GMT-12:00" duration-ms="102" status="PASS">
          <reporter-output>
          </reporter-output>
        </test-method> <!-- tearDown -->
      </class> <!-- test.MouseHoverTest -->
      <class name="test.SearchTest">
        <test-method is-config="true" signature="setUp(java.lang.String,java.lang.String)[pri:0, instance:test.SearchTest@40499e4f]" started-at="2023-01-31T18:22:26 GMT-12:00" name="setUp" finished-at="2023-01-31T18:22:29 GMT-12:00" duration-ms="2513" status="PASS">
          <params>
            <param index="0">
              <value>
                <![CDATA[https://ui.freecrm.com/]]>
              </value>
            </param>
            <param index="1">
              <value>
                <![CDATA[Chrome]]>
              </value>
            </param>
          </params>
          <reporter-output>
          </reporter-output>
        </test-method> <!-- setUp -->
        <test-method signature="testMethod()[pri:0, instance:test.SearchTest@40499e4f]" started-at="2023-01-31T18:22:29 GMT-12:00" name="testMethod" finished-at="2023-01-31T18:22:33 GMT-12:00" duration-ms="3920" status="PASS">
          <reporter-output>
          </reporter-output>
        </test-method> <!-- testMethod -->
        <test-method is-config="true" signature="tearDown()[pri:0, instance:test.SearchTest@40499e4f]" started-at="2023-01-31T18:22:33 GMT-12:00" name="tearDown" finished-at="2023-01-31T18:22:49 GMT-12:00" duration-ms="16284" status="PASS">
          <reporter-output>
          </reporter-output>
        </test-method> <!-- tearDown -->
      </class> <!-- test.SearchTest -->
    </test> <!-- ui.freecrm tests -->
  </suite> <!-- ui.freecrm test -->
</testng-results>
