<?xml version="1.0" encoding="UTF-8"?>
<testng-results ignored="0" total="0" passed="0" failed="0" skipped="0">
  <reporter-output>
    <line>
      <![CDATA[Extent Report DirectoryC:\Users\munna\InteliiJ\web-automation-framework-final-Bootcamp\test-output\html]]>
    </line>
  </reporter-output>
  <suite started-at="2023-02-08T07:22:14 EST" name="Default Suite" finished-at="2023-02-08T07:22:14 EST" duration-ms="11">
    <groups>
    </groups>
    <test started-at="2023-02-08T07:22:14 EST" name="web-automation-framework-final-Bootcamp" finished-at="2023-02-08T07:22:14 EST" duration-ms="11">
      <class name="base.CommonAPI">
        <test-method is-config="true" signature="extentSetup(org.testng.ITestContext)[pri:0, instance:base.CommonAPI@29e6eb25]" started-at="2023-02-08T07:22:14 EST" name="extentSetup" finished-at="2023-02-08T07:22:14 EST" duration-ms="99" status="PASS">
          <params>
            <param index="0">
              <value>
                <![CDATA[org.testng.TestRunner@759d81f3]]>
              </value>
            </param>
          </params>
          <reporter-output>
            <line>
              <![CDATA[Extent Report DirectoryC:\Users\munna\InteliiJ\web-automation-framework-final-Bootcamp\test-output\html]]>
            </line>
          </reporter-output>
        </test-method> <!-- extentSetup -->
        <test-method is-config="true" signature="generateReport()[pri:0, instance:base.CommonAPI@29e6eb25]" started-at="2023-02-08T07:22:15 EST" name="generateReport" finished-at="2023-02-08T07:22:15 EST" duration-ms="153" status="PASS">
          <reporter-output>
          </reporter-output>
        </test-method> <!-- generateReport -->
      </class> <!-- base.CommonAPI -->
    </test> <!-- web-automation-framework-final-Bootcamp -->
  </suite> <!-- Default Suite -->
</testng-results>
