<?xml version="1.0" encoding="UTF-8"?>
<testng-results ignored="20" total="36" passed="16" failed="0" skipped="0">
  <reporter-output>
    <line>
      <![CDATA[Extent Report DirectoryC:\Users\munna\InteliiJ\web-automation-framework-final-Bootcamp\test-output\html]]>
    </line>
  </reporter-output>
  <suite started-at="2023-01-31T17:47:40 EST" name="orangehrm test" finished-at="2023-01-31T17:56:59 EST" duration-ms="558562">
    <groups>
    </groups>
    <test started-at="2023-01-31T17:47:40 EST" name="orangehrm tests" finished-at="2023-01-31T17:56:59 EST" duration-ms="558562">
      <class name="test.TestManagerReviews">
        <test-method is-config="true" signature="setUp(java.lang.String,java.lang.String)[pri:0, instance:test.TestManagerReviews@3015db78]" started-at="2023-01-31T17:50:37 EST" name="setUp" finished-at="2023-01-31T17:50:41 EST" duration-ms="4327" status="PASS">
          <params>
            <param index="0">
              <value>
                <![CDATA[https://opensource-demo.orangehrmlive.com/]]>
              </value>
            </param>
            <param index="1">
              <value>
                <![CDATA[Chrome]]>
              </value>
            </param>
          </params>
          <reporter-output>
          </reporter-output>
        </test-method> <!-- setUp -->
        <test-method is-config="true" signature="startExtent(java.lang.reflect.Method)[pri:0, instance:test.TestManagerReviews@3015db78]" started-at="2023-01-31T17:50:41 EST" name="startExtent" finished-at="2023-01-31T17:50:41 EST" duration-ms="0" status="PASS">
          <params>
            <param index="0">
              <value>
                <![CDATA[public void test.TestManagerReviews.managerReviewsFromDropDown() throws java.lang.InterruptedException]]>
              </value>
            </param>
          </params>
          <reporter-output>
          </reporter-output>
        </test-method> <!-- startExtent -->
        <test-method signature="managerReviewsFromDropDown()[pri:0, instance:test.TestManagerReviews@3015db78]" started-at="2023-01-31T17:50:41 EST" name="managerReviewsFromDropDown" finished-at="2023-01-31T17:50:55 EST" duration-ms="13977" status="PASS">
          <reporter-output>
          </reporter-output>
        </test-method> <!-- managerReviewsFromDropDown -->
        <test-method is-config="true" signature="afterEachTestMethod(org.testng.ITestResult)[pri:0, instance:test.TestManagerReviews@3015db78]" started-at="2023-01-31T17:50:55 EST" name="afterEachTestMethod" finished-at="2023-01-31T17:50:55 EST" duration-ms="19" status="PASS">
          <params>
            <param index="0">
              <value>
                <![CDATA[[TestResult name=managerReviewsFromDropDown status=SUCCESS method=TestManagerReviews.managerReviewsFromDropDown()[pri:0, instance:test.TestManagerReviews@3015db78] output={null}]]]>
              </value>
            </param>
          </params>
          <reporter-output>
          </reporter-output>
        </test-method> <!-- afterEachTestMethod -->
        <test-method is-config="true" signature="tearDown()[pri:0, instance:test.TestManagerReviews@3015db78]" started-at="2023-01-31T17:50:55 EST" name="tearDown" finished-at="2023-01-31T17:51:12 EST" duration-ms="16257" status="PASS">
          <reporter-output>
          </reporter-output>
        </test-method> <!-- tearDown -->
      </class> <!-- test.TestManagerReviews -->
      <class name="test.TestPostComments">
        <test-method is-config="true" signature="setUp(java.lang.String,java.lang.String)[pri:0, instance:test.TestPostComments@2ff95fc6]" started-at="2023-01-31T17:52:45 EST" name="setUp" finished-at="2023-01-31T17:52:51 EST" duration-ms="5562" status="PASS">
          <params>
            <param index="0">
              <value>
                <![CDATA[https://opensource-demo.orangehrmlive.com/]]>
              </value>
            </param>
            <param index="1">
              <value>
                <![CDATA[Chrome]]>
              </value>
            </param>
          </params>
          <reporter-output>
          </reporter-output>
        </test-method> <!-- setUp -->
        <test-method is-config="true" signature="startExtent(java.lang.reflect.Method)[pri:0, instance:test.TestPostComments@2ff95fc6]" started-at="2023-01-31T17:52:51 EST" name="startExtent" finished-at="2023-01-31T17:52:51 EST" duration-ms="1" status="PASS">
          <params>
            <param index="0">
              <value>
                <![CDATA[public void test.TestPostComments.postCommentsAndLikeIt() throws java.lang.InterruptedException]]>
              </value>
            </param>
          </params>
          <reporter-output>
          </reporter-output>
        </test-method> <!-- startExtent -->
        <test-method signature="postCommentsAndLikeIt()[pri:0, instance:test.TestPostComments@2ff95fc6]" started-at="2023-01-31T17:52:51 EST" name="postCommentsAndLikeIt" finished-at="2023-01-31T17:53:05 EST" duration-ms="14448" status="PASS">
          <reporter-output>
          </reporter-output>
        </test-method> <!-- postCommentsAndLikeIt -->
        <test-method is-config="true" signature="afterEachTestMethod(org.testng.ITestResult)[pri:0, instance:test.TestPostComments@2ff95fc6]" started-at="2023-01-31T17:53:05 EST" name="afterEachTestMethod" finished-at="2023-01-31T17:53:05 EST" duration-ms="29" status="PASS">
          <params>
            <param index="0">
              <value>
                <![CDATA[[TestResult name=postCommentsAndLikeIt status=SUCCESS method=TestPostComments.postCommentsAndLikeIt()[pri:0, instance:test.TestPostComments@2ff95fc6] output={null}]]]>
              </value>
            </param>
          </params>
          <reporter-output>
          </reporter-output>
        </test-method> <!-- afterEachTestMethod -->
        <test-method is-config="true" signature="tearDown()[pri:0, instance:test.TestPostComments@2ff95fc6]" started-at="2023-01-31T17:53:05 EST" name="tearDown" finished-at="2023-01-31T17:53:21 EST" duration-ms="16287" status="PASS">
          <reporter-output>
          </reporter-output>
        </test-method> <!-- tearDown -->
      </class> <!-- test.TestPostComments -->
      <class name="test.TestReportsOfQAEngineers">
        <test-method is-config="true" signature="setUp(java.lang.String,java.lang.String)[pri:0, instance:test.TestReportsOfQAEngineers@7207cb51]" started-at="2023-01-31T17:51:12 EST" name="setUp" finished-at="2023-01-31T17:51:16 EST" duration-ms="3910" status="PASS">
          <params>
            <param index="0">
              <value>
                <![CDATA[https://opensource-demo.orangehrmlive.com/]]>
              </value>
            </param>
            <param index="1">
              <value>
                <![CDATA[Chrome]]>
              </value>
            </param>
          </params>
          <reporter-output>
          </reporter-output>
        </test-method> <!-- setUp -->
        <test-method is-config="true" signature="startExtent(java.lang.reflect.Method)[pri:0, instance:test.TestReportsOfQAEngineers@7207cb51]" started-at="2023-01-31T17:51:16 EST" name="startExtent" finished-at="2023-01-31T17:51:16 EST" duration-ms="0" status="PASS">
          <params>
            <param index="0">
              <value>
                <![CDATA[public void test.TestReportsOfQAEngineers.reportGeneration() throws java.lang.InterruptedException]]>
              </value>
            </param>
          </params>
          <reporter-output>
          </reporter-output>
        </test-method> <!-- startExtent -->
        <test-method signature="reportGeneration()[pri:0, instance:test.TestReportsOfQAEngineers@7207cb51]" started-at="2023-01-31T17:51:16 EST" name="reportGeneration" finished-at="2023-01-31T17:51:40 EST" duration-ms="24198" status="PASS">
          <reporter-output>
          </reporter-output>
        </test-method> <!-- reportGeneration -->
        <test-method is-config="true" signature="afterEachTestMethod(org.testng.ITestResult)[pri:0, instance:test.TestReportsOfQAEngineers@7207cb51]" started-at="2023-01-31T17:51:40 EST" name="afterEachTestMethod" finished-at="2023-01-31T17:51:40 EST" duration-ms="24" status="PASS">
          <params>
            <param index="0">
              <value>
                <![CDATA[[TestResult name=reportGeneration status=SUCCESS method=TestReportsOfQAEngineers.reportGeneration()[pri:0, instance:test.TestReportsOfQAEngineers@7207cb51] output={null}]]]>
              </value>
            </param>
          </params>
          <reporter-output>
          </reporter-output>
        </test-method> <!-- afterEachTestMethod -->
        <test-method is-config="true" signature="tearDown()[pri:0, instance:test.TestReportsOfQAEngineers@7207cb51]" started-at="2023-01-31T17:51:40 EST" name="tearDown" finished-at="2023-01-31T17:51:40 EST" duration-ms="110" status="PASS">
          <reporter-output>
          </reporter-output>
        </test-method> <!-- tearDown -->
      </class> <!-- test.TestReportsOfQAEngineers -->
      <class name="test.TestQualifications">
        <test-method is-config="true" signature="setUp(java.lang.String,java.lang.String)[pri:0, instance:test.TestQualifications@1e6cc850]" started-at="2023-01-31T17:49:44 EST" name="setUp" finished-at="2023-01-31T17:49:47 EST" duration-ms="3520" status="PASS">
          <params>
            <param index="0">
              <value>
                <![CDATA[https://opensource-demo.orangehrmlive.com/]]>
              </value>
            </param>
            <param index="1">
              <value>
                <![CDATA[Chrome]]>
              </value>
            </param>
          </params>
          <reporter-output>
          </reporter-output>
        </test-method> <!-- setUp -->
        <test-method is-config="true" signature="startExtent(java.lang.reflect.Method)[pri:0, instance:test.TestQualifications@1e6cc850]" started-at="2023-01-31T17:49:47 EST" name="startExtent" finished-at="2023-01-31T17:49:47 EST" duration-ms="0" status="PASS">
          <params>
            <param index="0">
              <value>
                <![CDATA[public void test.TestQualifications.qualificationsAddWorkExperience() throws java.lang.InterruptedException]]>
              </value>
            </param>
          </params>
          <reporter-output>
          </reporter-output>
        </test-method> <!-- startExtent -->
        <test-method signature="qualificationsAddWorkExperience()[pri:0, instance:test.TestQualifications@1e6cc850]" started-at="2023-01-31T17:49:47 EST" name="qualificationsAddWorkExperience" finished-at="2023-01-31T17:50:21 EST" duration-ms="33458" status="PASS">
          <reporter-output>
          </reporter-output>
        </test-method> <!-- qualificationsAddWorkExperience -->
        <test-method is-config="true" signature="afterEachTestMethod(org.testng.ITestResult)[pri:0, instance:test.TestQualifications@1e6cc850]" started-at="2023-01-31T17:50:21 EST" name="afterEachTestMethod" finished-at="2023-01-31T17:50:21 EST" duration-ms="23" status="PASS">
          <params>
            <param index="0">
              <value>
                <![CDATA[[TestResult name=qualificationsAddWorkExperience status=SUCCESS method=TestQualifications.qualificationsAddWorkExperience()[pri:0, instance:test.TestQualifications@1e6cc850] output={null}]]]>
              </value>
            </param>
          </params>
          <reporter-output>
          </reporter-output>
        </test-method> <!-- afterEachTestMethod -->
        <test-method is-config="true" signature="tearDown()[pri:0, instance:test.TestQualifications@1e6cc850]" started-at="2023-01-31T17:50:21 EST" name="tearDown" finished-at="2023-01-31T17:50:37 EST" duration-ms="16285" status="PASS">
          <reporter-output>
          </reporter-output>
        </test-method> <!-- tearDown -->
      </class> <!-- test.TestQualifications -->
      <class name="test.TestMostLikePost">
        <test-method is-config="true" signature="setUp(java.lang.String,java.lang.String)[pri:0, instance:test.TestMostLikePost@38704ff0]" started-at="2023-01-31T17:53:21 EST" name="setUp" finished-at="2023-01-31T17:53:25 EST" duration-ms="3647" status="PASS">
          <params>
            <param index="0">
              <value>
                <![CDATA[https://opensource-demo.orangehrmlive.com/]]>
              </value>
            </param>
            <param index="1">
              <value>
                <![CDATA[Chrome]]>
              </value>
            </param>
          </params>
          <reporter-output>
          </reporter-output>
        </test-method> <!-- setUp -->
        <test-method signature="mostLikePostButtonClick()[pri:0, instance:test.TestMostLikePost@38704ff0]" started-at="2023-01-31T17:53:25 EST" name="mostLikePostButtonClick" finished-at="2023-01-31T17:53:32 EST" duration-ms="7220" status="PASS">
          <reporter-output>
          </reporter-output>
        </test-method> <!-- mostLikePostButtonClick -->
        <test-method is-config="true" signature="startExtent(java.lang.reflect.Method)[pri:0, instance:test.TestMostLikePost@38704ff0]" started-at="2023-01-31T17:53:25 EST" name="startExtent" finished-at="2023-01-31T17:53:25 EST" duration-ms="0" status="PASS">
          <params>
            <param index="0">
              <value>
                <![CDATA[public void test.TestMostLikePost.mostLikePostButtonClick() throws java.lang.InterruptedException]]>
              </value>
            </param>
          </params>
          <reporter-output>
          </reporter-output>
        </test-method> <!-- startExtent -->
        <test-method is-config="true" signature="afterEachTestMethod(org.testng.ITestResult)[pri:0, instance:test.TestMostLikePost@38704ff0]" started-at="2023-01-31T17:53:32 EST" name="afterEachTestMethod" finished-at="2023-01-31T17:53:32 EST" duration-ms="23" status="PASS">
          <params>
            <param index="0">
              <value>
                <![CDATA[[TestResult name=mostLikePostButtonClick status=SUCCESS method=TestMostLikePost.mostLikePostButtonClick()[pri:0, instance:test.TestMostLikePost@38704ff0] output={null}]]]>
              </value>
            </param>
          </params>
          <reporter-output>
          </reporter-output>
        </test-method> <!-- afterEachTestMethod -->
        <test-method is-config="true" signature="tearDown()[pri:0, instance:test.TestMostLikePost@38704ff0]" started-at="2023-01-31T17:53:32 EST" name="tearDown" finished-at="2023-01-31T17:53:48 EST" duration-ms="16258" status="PASS">
          <reporter-output>
          </reporter-output>
        </test-method> <!-- tearDown -->
      </class> <!-- test.TestMostLikePost -->
      <class name="test.TestLogIn">
        <test-method is-config="true" signature="extentSetup(org.testng.ITestContext)[pri:0, instance:test.TestLogIn@7b2a3ff8]" started-at="2023-01-31T17:47:40 EST" name="extentSetup" finished-at="2023-01-31T17:47:40 EST" duration-ms="85" status="PASS">
          <params>
            <param index="0">
              <value>
                <![CDATA[org.testng.TestRunner@189e96af]]>
              </value>
            </param>
          </params>
          <reporter-output>
            <line>
              <![CDATA[Extent Report DirectoryC:\Users\munna\InteliiJ\web-automation-framework-final-Bootcamp\test-output\html]]>
            </line>
          </reporter-output>
        </test-method> <!-- extentSetup -->
        <test-method is-config="true" signature="setUp(java.lang.String,java.lang.String)[pri:0, instance:test.TestLogIn@7b2a3ff8]" started-at="2023-01-31T17:47:40 EST" name="setUp" finished-at="2023-01-31T17:47:46 EST" duration-ms="5095" status="PASS">
          <params>
            <param index="0">
              <value>
                <![CDATA[https://opensource-demo.orangehrmlive.com/]]>
              </value>
            </param>
            <param index="1">
              <value>
                <![CDATA[Chrome]]>
              </value>
            </param>
          </params>
          <reporter-output>
          </reporter-output>
        </test-method> <!-- setUp -->
        <test-method is-config="true" signature="startExtent(java.lang.reflect.Method)[pri:0, instance:test.TestLogIn@7b2a3ff8]" started-at="2023-01-31T17:47:46 EST" name="startExtent" finished-at="2023-01-31T17:47:46 EST" duration-ms="4" status="PASS">
          <params>
            <param index="0">
              <value>
                <![CDATA[public void test.TestLogIn.logInOnHomePage() throws java.lang.InterruptedException]]>
              </value>
            </param>
          </params>
          <reporter-output>
          </reporter-output>
        </test-method> <!-- startExtent -->
        <test-method signature="logInOnHomePage()[pri:0, instance:test.TestLogIn@7b2a3ff8]" started-at="2023-01-31T17:47:46 EST" name="logInOnHomePage" finished-at="2023-01-31T17:47:59 EST" duration-ms="13192" status="PASS">
          <reporter-output>
          </reporter-output>
        </test-method> <!-- logInOnHomePage -->
        <test-method is-config="true" signature="afterEachTestMethod(org.testng.ITestResult)[pri:0, instance:test.TestLogIn@7b2a3ff8]" started-at="2023-01-31T17:47:59 EST" name="afterEachTestMethod" finished-at="2023-01-31T17:47:59 EST" duration-ms="211" status="PASS">
          <params>
            <param index="0">
              <value>
                <![CDATA[[TestResult name=logInOnHomePage status=SUCCESS method=TestLogIn.logInOnHomePage()[pri:0, instance:test.TestLogIn@7b2a3ff8] output={null}]]]>
              </value>
            </param>
          </params>
          <reporter-output>
          </reporter-output>
        </test-method> <!-- afterEachTestMethod -->
        <test-method is-config="true" signature="tearDown()[pri:0, instance:test.TestLogIn@7b2a3ff8]" started-at="2023-01-31T17:47:59 EST" name="tearDown" finished-at="2023-01-31T17:48:15 EST" duration-ms="16285" status="PASS">
          <reporter-output>
          </reporter-output>
        </test-method> <!-- tearDown -->
        <test-method is-config="true" signature="generateReport()[pri:0, instance:test.TestLogIn@7b2a3ff8]" started-at="2023-01-31T17:56:59 EST" name="generateReport" finished-at="2023-01-31T17:56:59 EST" duration-ms="19" status="PASS">
          <reporter-output>
          </reporter-output>
        </test-method> <!-- generateReport -->
      </class> <!-- test.TestLogIn -->
      <class name="test.TestLogOut">
        <test-method is-config="true" signature="setUp(java.lang.String,java.lang.String)[pri:0, instance:test.TestLogOut@3fa76c61]" started-at="2023-01-31T17:52:14 EST" name="setUp" finished-at="2023-01-31T17:52:17 EST" duration-ms="3698" status="PASS">
          <params>
            <param index="0">
              <value>
                <![CDATA[https://opensource-demo.orangehrmlive.com/]]>
              </value>
            </param>
            <param index="1">
              <value>
                <![CDATA[Chrome]]>
              </value>
            </param>
          </params>
          <reporter-output>
          </reporter-output>
        </test-method> <!-- setUp -->
        <test-method signature="logOutFromOrangehrmPage()[pri:0, instance:test.TestLogOut@3fa76c61]" started-at="2023-01-31T17:52:17 EST" name="logOutFromOrangehrmPage" finished-at="2023-01-31T17:52:29 EST" duration-ms="11336" status="PASS">
          <reporter-output>
          </reporter-output>
        </test-method> <!-- logOutFromOrangehrmPage -->
        <test-method is-config="true" signature="startExtent(java.lang.reflect.Method)[pri:0, instance:test.TestLogOut@3fa76c61]" started-at="2023-01-31T17:52:17 EST" name="startExtent" finished-at="2023-01-31T17:52:17 EST" duration-ms="0" status="PASS">
          <params>
            <param index="0">
              <value>
                <![CDATA[public void test.TestLogOut.logOutFromOrangehrmPage() throws java.lang.InterruptedException]]>
              </value>
            </param>
          </params>
          <reporter-output>
          </reporter-output>
        </test-method> <!-- startExtent -->
        <test-method is-config="true" signature="afterEachTestMethod(org.testng.ITestResult)[pri:0, instance:test.TestLogOut@3fa76c61]" started-at="2023-01-31T17:52:29 EST" name="afterEachTestMethod" finished-at="2023-01-31T17:52:29 EST" duration-ms="48" status="PASS">
          <params>
            <param index="0">
              <value>
                <![CDATA[[TestResult name=logOutFromOrangehrmPage status=SUCCESS method=TestLogOut.logOutFromOrangehrmPage()[pri:0, instance:test.TestLogOut@3fa76c61] output={null}]]]>
              </value>
            </param>
          </params>
          <reporter-output>
          </reporter-output>
        </test-method> <!-- afterEachTestMethod -->
        <test-method is-config="true" signature="tearDown()[pri:0, instance:test.TestLogOut@3fa76c61]" started-at="2023-01-31T17:52:29 EST" name="tearDown" finished-at="2023-01-31T17:52:45 EST" duration-ms="16241" status="PASS">
          <reporter-output>
          </reporter-output>
        </test-method> <!-- tearDown -->
      </class> <!-- test.TestLogOut -->
      <class name="test.TestTimeSheets">
        <test-method is-config="true" signature="setUp(java.lang.String,java.lang.String)[pri:0, instance:test.TestTimeSheets@2a27cb34]" started-at="2023-01-31T17:51:40 EST" name="setUp" finished-at="2023-01-31T17:51:44 EST" duration-ms="3600" status="PASS">
          <params>
            <param index="0">
              <value>
                <![CDATA[https://opensource-demo.orangehrmlive.com/]]>
              </value>
            </param>
            <param index="1">
              <value>
                <![CDATA[Chrome]]>
              </value>
            </param>
          </params>
          <reporter-output>
          </reporter-output>
        </test-method> <!-- setUp -->
        <test-method is-config="true" signature="startExtent(java.lang.reflect.Method)[pri:0, instance:test.TestTimeSheets@2a27cb34]" started-at="2023-01-31T17:51:44 EST" name="startExtent" finished-at="2023-01-31T17:51:44 EST" duration-ms="0" status="PASS">
          <params>
            <param index="0">
              <value>
                <![CDATA[public void test.TestTimeSheets.timeSheetsForEmployees() throws java.lang.InterruptedException]]>
              </value>
            </param>
          </params>
          <reporter-output>
          </reporter-output>
        </test-method> <!-- startExtent -->
        <test-method signature="timeSheetsForEmployees()[pri:0, instance:test.TestTimeSheets@2a27cb34]" started-at="2023-01-31T17:51:44 EST" name="timeSheetsForEmployees" finished-at="2023-01-31T17:51:57 EST" duration-ms="13842" status="PASS">
          <reporter-output>
          </reporter-output>
        </test-method> <!-- timeSheetsForEmployees -->
        <test-method is-config="true" signature="afterEachTestMethod(org.testng.ITestResult)[pri:0, instance:test.TestTimeSheets@2a27cb34]" started-at="2023-01-31T17:51:57 EST" name="afterEachTestMethod" finished-at="2023-01-31T17:51:57 EST" duration-ms="38" status="PASS">
          <params>
            <param index="0">
              <value>
                <![CDATA[[TestResult name=timeSheetsForEmployees status=SUCCESS method=TestTimeSheets.timeSheetsForEmployees()[pri:0, instance:test.TestTimeSheets@2a27cb34] output={null}]]]>
              </value>
            </param>
          </params>
          <reporter-output>
          </reporter-output>
        </test-method> <!-- afterEachTestMethod -->
        <test-method is-config="true" signature="tearDown()[pri:0, instance:test.TestTimeSheets@2a27cb34]" started-at="2023-01-31T17:51:57 EST" name="tearDown" finished-at="2023-01-31T17:52:14 EST" duration-ms="16275" status="PASS">
          <reporter-output>
          </reporter-output>
        </test-method> <!-- tearDown -->
      </class> <!-- test.TestTimeSheets -->
      <class name="test.TestPIM">
        <test-method is-config="true" signature="setUp(java.lang.String,java.lang.String)[pri:0, instance:test.TestPIM@432034a]" started-at="2023-01-31T17:49:09 EST" name="setUp" finished-at="2023-01-31T17:49:13 EST" duration-ms="3662" status="PASS">
          <params>
            <param index="0">
              <value>
                <![CDATA[https://opensource-demo.orangehrmlive.com/]]>
              </value>
            </param>
            <param index="1">
              <value>
                <![CDATA[Chrome]]>
              </value>
            </param>
          </params>
          <reporter-output>
          </reporter-output>
        </test-method> <!-- setUp -->
        <test-method is-config="true" signature="startExtent(java.lang.reflect.Method)[pri:0, instance:test.TestPIM@432034a]" started-at="2023-01-31T17:49:13 EST" name="startExtent" finished-at="2023-01-31T17:49:13 EST" duration-ms="1" status="PASS">
          <params>
            <param index="0">
              <value>
                <![CDATA[public void test.TestPIM.findOutEmployeeById() throws java.lang.InterruptedException]]>
              </value>
            </param>
          </params>
          <reporter-output>
          </reporter-output>
        </test-method> <!-- startExtent -->
        <test-method signature="findOutEmployeeById()[pri:0, instance:test.TestPIM@432034a]" started-at="2023-01-31T17:49:13 EST" name="findOutEmployeeById" finished-at="2023-01-31T17:49:28 EST" duration-ms="14468" status="PASS">
          <reporter-output>
          </reporter-output>
        </test-method> <!-- findOutEmployeeById -->
        <test-method is-config="true" signature="afterEachTestMethod(org.testng.ITestResult)[pri:0, instance:test.TestPIM@432034a]" started-at="2023-01-31T17:49:28 EST" name="afterEachTestMethod" finished-at="2023-01-31T17:49:28 EST" duration-ms="48" status="PASS">
          <params>
            <param index="0">
              <value>
                <![CDATA[[TestResult name=findOutEmployeeById status=SUCCESS method=TestPIM.findOutEmployeeById()[pri:0, instance:test.TestPIM@432034a] output={null}]]]>
              </value>
            </param>
          </params>
          <reporter-output>
          </reporter-output>
        </test-method> <!-- afterEachTestMethod -->
        <test-method is-config="true" signature="tearDown()[pri:0, instance:test.TestPIM@432034a]" started-at="2023-01-31T17:49:28 EST" name="tearDown" finished-at="2023-01-31T17:49:44 EST" duration-ms="16212" status="PASS">
          <reporter-output>
          </reporter-output>
        </test-method> <!-- tearDown -->
      </class> <!-- test.TestPIM -->
      <class name="test.TestTimeFunctionAll">
        <test-method is-config="true" signature="setUp(java.lang.String,java.lang.String)[pri:0, instance:test.TestTimeFunctionAll@53ac845a]" started-at="2023-01-31T17:53:48 EST" name="setUp" finished-at="2023-01-31T17:53:52 EST" duration-ms="3800" status="PASS">
          <params>
            <param index="0">
              <value>
                <![CDATA[https://opensource-demo.orangehrmlive.com/]]>
              </value>
            </param>
            <param index="1">
              <value>
                <![CDATA[Chrome]]>
              </value>
            </param>
          </params>
          <reporter-output>
          </reporter-output>
        </test-method> <!-- setUp -->
        <test-method is-config="true" signature="startExtent(java.lang.reflect.Method)[pri:0, instance:test.TestTimeFunctionAll@53ac845a]" started-at="2023-01-31T17:53:52 EST" name="startExtent" finished-at="2023-01-31T17:53:52 EST" duration-ms="1" status="PASS">
          <params>
            <param index="0">
              <value>
                <![CDATA[public void test.TestTimeFunctionAll.attendanceConfiguration() throws java.lang.InterruptedException]]>
              </value>
            </param>
          </params>
          <reporter-output>
          </reporter-output>
        </test-method> <!-- startExtent -->
        <test-method signature="attendanceConfiguration()[pri:0, instance:test.TestTimeFunctionAll@53ac845a]" started-at="2023-01-31T17:53:52 EST" name="attendanceConfiguration" finished-at="2023-01-31T17:54:02 EST" duration-ms="9227" status="PASS">
          <reporter-output>
          </reporter-output>
        </test-method> <!-- attendanceConfiguration -->
        <test-method is-config="true" signature="afterEachTestMethod(org.testng.ITestResult)[pri:0, instance:test.TestTimeFunctionAll@53ac845a]" started-at="2023-01-31T17:54:02 EST" name="afterEachTestMethod" finished-at="2023-01-31T17:54:02 EST" duration-ms="46" status="PASS">
          <params>
            <param index="0">
              <value>
                <![CDATA[[TestResult name=attendanceConfiguration status=SUCCESS method=TestTimeFunctionAll.attendanceConfiguration()[pri:0, instance:test.TestTimeFunctionAll@53ac845a] output={null}]]]>
              </value>
            </param>
          </params>
          <reporter-output>
          </reporter-output>
        </test-method> <!-- afterEachTestMethod -->
        <test-method is-config="true" signature="tearDown()[pri:0, instance:test.TestTimeFunctionAll@53ac845a]" started-at="2023-01-31T17:54:02 EST" name="tearDown" finished-at="2023-01-31T17:54:18 EST" duration-ms="16240" status="PASS">
          <reporter-output>
          </reporter-output>
        </test-method> <!-- tearDown -->
        <test-method is-config="true" signature="setUp(java.lang.String,java.lang.String)[pri:0, instance:test.TestTimeFunctionAll@53ac845a]" started-at="2023-01-31T17:54:18 EST" name="setUp" finished-at="2023-01-31T17:54:22 EST" duration-ms="3741" status="PASS">
          <params>
            <param index="0">
              <value>
                <![CDATA[https://opensource-demo.orangehrmlive.com/]]>
              </value>
            </param>
            <param index="1">
              <value>
                <![CDATA[Chrome]]>
              </value>
            </param>
          </params>
          <reporter-output>
          </reporter-output>
        </test-method> <!-- setUp -->
        <test-method signature="projectInfoForCustomers()[pri:0, instance:test.TestTimeFunctionAll@53ac845a]" started-at="2023-01-31T17:54:22 EST" name="projectInfoForCustomers" finished-at="2023-01-31T17:54:31 EST" duration-ms="9375" status="PASS">
          <reporter-output>
          </reporter-output>
        </test-method> <!-- projectInfoForCustomers -->
        <test-method is-config="true" signature="startExtent(java.lang.reflect.Method)[pri:0, instance:test.TestTimeFunctionAll@53ac845a]" started-at="2023-01-31T17:54:22 EST" name="startExtent" finished-at="2023-01-31T17:54:22 EST" duration-ms="0" status="PASS">
          <params>
            <param index="0">
              <value>
                <![CDATA[public void test.TestTimeFunctionAll.projectInfoForCustomers() throws java.lang.InterruptedException]]>
              </value>
            </param>
          </params>
          <reporter-output>
          </reporter-output>
        </test-method> <!-- startExtent -->
        <test-method is-config="true" signature="afterEachTestMethod(org.testng.ITestResult)[pri:0, instance:test.TestTimeFunctionAll@53ac845a]" started-at="2023-01-31T17:54:31 EST" name="afterEachTestMethod" finished-at="2023-01-31T17:54:31 EST" duration-ms="11" status="PASS">
          <params>
            <param index="0">
              <value>
                <![CDATA[[TestResult name=projectInfoForCustomers status=SUCCESS method=TestTimeFunctionAll.projectInfoForCustomers()[pri:0, instance:test.TestTimeFunctionAll@53ac845a] output={null}]]]>
              </value>
            </param>
          </params>
          <reporter-output>
          </reporter-output>
        </test-method> <!-- afterEachTestMethod -->
        <test-method is-config="true" signature="tearDown()[pri:0, instance:test.TestTimeFunctionAll@53ac845a]" started-at="2023-01-31T17:54:31 EST" name="tearDown" finished-at="2023-01-31T17:54:47 EST" duration-ms="16262" status="PASS">
          <reporter-output>
          </reporter-output>
        </test-method> <!-- tearDown -->
        <test-method is-config="true" signature="setUp(java.lang.String,java.lang.String)[pri:0, instance:test.TestTimeFunctionAll@53ac845a]" started-at="2023-01-31T17:54:47 EST" name="setUp" finished-at="2023-01-31T17:54:51 EST" duration-ms="3688" status="PASS">
          <params>
            <param index="0">
              <value>
                <![CDATA[https://opensource-demo.orangehrmlive.com/]]>
              </value>
            </param>
            <param index="1">
              <value>
                <![CDATA[Chrome]]>
              </value>
            </param>
          </params>
          <reporter-output>
          </reporter-output>
        </test-method> <!-- setUp -->
        <test-method signature="summeryReportForEngineers()[pri:0, instance:test.TestTimeFunctionAll@53ac845a]" started-at="2023-01-31T17:54:51 EST" name="summeryReportForEngineers" finished-at="2023-01-31T17:55:05 EST" duration-ms="14589" status="PASS">
          <reporter-output>
          </reporter-output>
        </test-method> <!-- summeryReportForEngineers -->
        <test-method is-config="true" signature="startExtent(java.lang.reflect.Method)[pri:0, instance:test.TestTimeFunctionAll@53ac845a]" started-at="2023-01-31T17:54:51 EST" name="startExtent" finished-at="2023-01-31T17:54:51 EST" duration-ms="0" status="PASS">
          <params>
            <param index="0">
              <value>
                <![CDATA[public void test.TestTimeFunctionAll.summeryReportForEngineers() throws java.lang.InterruptedException]]>
              </value>
            </param>
          </params>
          <reporter-output>
          </reporter-output>
        </test-method> <!-- startExtent -->
        <test-method is-config="true" signature="afterEachTestMethod(org.testng.ITestResult)[pri:0, instance:test.TestTimeFunctionAll@53ac845a]" started-at="2023-01-31T17:55:05 EST" name="afterEachTestMethod" finished-at="2023-01-31T17:55:06 EST" duration-ms="47" status="PASS">
          <params>
            <param index="0">
              <value>
                <![CDATA[[TestResult name=summeryReportForEngineers status=SUCCESS method=TestTimeFunctionAll.summeryReportForEngineers()[pri:0, instance:test.TestTimeFunctionAll@53ac845a] output={null}]]]>
              </value>
            </param>
          </params>
          <reporter-output>
          </reporter-output>
        </test-method> <!-- afterEachTestMethod -->
        <test-method is-config="true" signature="tearDown()[pri:0, instance:test.TestTimeFunctionAll@53ac845a]" started-at="2023-01-31T17:55:06 EST" name="tearDown" finished-at="2023-01-31T17:55:22 EST" duration-ms="16255" status="PASS">
          <reporter-output>
          </reporter-output>
        </test-method> <!-- tearDown -->
        <test-method is-config="true" signature="setUp(java.lang.String,java.lang.String)[pri:0, instance:test.TestTimeFunctionAll@53ac845a]" started-at="2023-01-31T17:55:22 EST" name="setUp" finished-at="2023-01-31T17:55:25 EST" duration-ms="3467" status="PASS">
          <params>
            <param index="0">
              <value>
                <![CDATA[https://opensource-demo.orangehrmlive.com/]]>
              </value>
            </param>
            <param index="1">
              <value>
                <![CDATA[Chrome]]>
              </value>
            </param>
          </params>
          <reporter-output>
          </reporter-output>
        </test-method> <!-- setUp -->
        <test-method signature="viewSelectedEmployee()[pri:1, instance:test.TestTimeFunctionAll@53ac845a]" started-at="2023-01-31T17:55:25 EST" name="viewSelectedEmployee" finished-at="2023-01-31T17:55:32 EST" duration-ms="6592" status="PASS">
          <reporter-output>
          </reporter-output>
        </test-method> <!-- viewSelectedEmployee -->
        <test-method is-config="true" signature="startExtent(java.lang.reflect.Method)[pri:0, instance:test.TestTimeFunctionAll@53ac845a]" started-at="2023-01-31T17:55:25 EST" name="startExtent" finished-at="2023-01-31T17:55:25 EST" duration-ms="0" status="PASS">
          <params>
            <param index="0">
              <value>
                <![CDATA[public void test.TestTimeFunctionAll.viewSelectedEmployee() throws java.lang.InterruptedException]]>
              </value>
            </param>
          </params>
          <reporter-output>
          </reporter-output>
        </test-method> <!-- startExtent -->
        <test-method is-config="true" signature="afterEachTestMethod(org.testng.ITestResult)[pri:0, instance:test.TestTimeFunctionAll@53ac845a]" started-at="2023-01-31T17:55:32 EST" name="afterEachTestMethod" finished-at="2023-01-31T17:55:32 EST" duration-ms="16" status="PASS">
          <params>
            <param index="0">
              <value>
                <![CDATA[[TestResult name=viewSelectedEmployee status=SUCCESS method=TestTimeFunctionAll.viewSelectedEmployee()[pri:1, instance:test.TestTimeFunctionAll@53ac845a] output={null}]]]>
              </value>
            </param>
          </params>
          <reporter-output>
          </reporter-output>
        </test-method> <!-- afterEachTestMethod -->
        <test-method is-config="true" signature="tearDown()[pri:0, instance:test.TestTimeFunctionAll@53ac845a]" started-at="2023-01-31T17:55:32 EST" name="tearDown" finished-at="2023-01-31T17:55:48 EST" duration-ms="16266" status="PASS">
          <reporter-output>
          </reporter-output>
        </test-method> <!-- tearDown -->
        <test-method is-config="true" signature="setUp(java.lang.String,java.lang.String)[pri:0, instance:test.TestTimeFunctionAll@53ac845a]" started-at="2023-01-31T17:55:48 EST" name="setUp" finished-at="2023-01-31T17:55:51 EST" duration-ms="3127" status="PASS">
          <params>
            <param index="0">
              <value>
                <![CDATA[https://opensource-demo.orangehrmlive.com/]]>
              </value>
            </param>
            <param index="1">
              <value>
                <![CDATA[Chrome]]>
              </value>
            </param>
          </params>
          <reporter-output>
          </reporter-output>
        </test-method> <!-- setUp -->
        <test-method is-config="true" signature="startExtent(java.lang.reflect.Method)[pri:0, instance:test.TestTimeFunctionAll@53ac845a]" started-at="2023-01-31T17:55:51 EST" name="startExtent" finished-at="2023-01-31T17:55:51 EST" duration-ms="1" status="PASS">
          <params>
            <param index="0">
              <value>
                <![CDATA[public void test.TestTimeFunctionAll.addRowInEditTimeSheet() throws java.lang.InterruptedException]]>
              </value>
            </param>
          </params>
          <reporter-output>
          </reporter-output>
        </test-method> <!-- startExtent -->
        <test-method signature="addRowInEditTimeSheet()[pri:2, instance:test.TestTimeFunctionAll@53ac845a]" started-at="2023-01-31T17:55:51 EST" name="addRowInEditTimeSheet" finished-at="2023-01-31T17:56:03 EST" duration-ms="11426" status="PASS">
          <reporter-output>
          </reporter-output>
        </test-method> <!-- addRowInEditTimeSheet -->
        <test-method is-config="true" signature="afterEachTestMethod(org.testng.ITestResult)[pri:0, instance:test.TestTimeFunctionAll@53ac845a]" started-at="2023-01-31T17:56:03 EST" name="afterEachTestMethod" finished-at="2023-01-31T17:56:03 EST" duration-ms="37" status="PASS">
          <params>
            <param index="0">
              <value>
                <![CDATA[[TestResult name=addRowInEditTimeSheet status=SUCCESS method=TestTimeFunctionAll.addRowInEditTimeSheet()[pri:2, instance:test.TestTimeFunctionAll@53ac845a] output={null}]]]>
              </value>
            </param>
          </params>
          <reporter-output>
          </reporter-output>
        </test-method> <!-- afterEachTestMethod -->
        <test-method is-config="true" signature="tearDown()[pri:0, instance:test.TestTimeFunctionAll@53ac845a]" started-at="2023-01-31T17:56:03 EST" name="tearDown" finished-at="2023-01-31T17:56:19 EST" duration-ms="16294" status="PASS">
          <reporter-output>
          </reporter-output>
        </test-method> <!-- tearDown -->
        <test-method is-config="true" signature="setUp(java.lang.String,java.lang.String)[pri:0, instance:test.TestTimeFunctionAll@53ac845a]" started-at="2023-01-31T17:56:19 EST" name="setUp" finished-at="2023-01-31T17:56:23 EST" duration-ms="3735" status="PASS">
          <params>
            <param index="0">
              <value>
                <![CDATA[https://opensource-demo.orangehrmlive.com/]]>
              </value>
            </param>
            <param index="1">
              <value>
                <![CDATA[Chrome]]>
              </value>
            </param>
          </params>
          <reporter-output>
          </reporter-output>
        </test-method> <!-- setUp -->
        <test-method is-config="true" signature="startExtent(java.lang.reflect.Method)[pri:0, instance:test.TestTimeFunctionAll@53ac845a]" started-at="2023-01-31T17:56:23 EST" name="startExtent" finished-at="2023-01-31T17:56:23 EST" duration-ms="1" status="PASS">
          <params>
            <param index="0">
              <value>
                <![CDATA[public void test.TestTimeFunctionAll.deleteRowFromEditTimeSheet() throws java.lang.InterruptedException]]>
              </value>
            </param>
          </params>
          <reporter-output>
          </reporter-output>
        </test-method> <!-- startExtent -->
        <test-method signature="deleteRowFromEditTimeSheet()[pri:0, instance:test.TestTimeFunctionAll@53ac845a]" started-at="2023-01-31T17:56:23 EST" name="deleteRowFromEditTimeSheet" finished-at="2023-01-31T17:56:43 EST" depends-on-methods="test.TestTimeFunctionAll.addRowInEditTimeSheet" duration-ms="19978" status="PASS">
          <reporter-output>
          </reporter-output>
        </test-method> <!-- deleteRowFromEditTimeSheet -->
        <test-method is-config="true" signature="afterEachTestMethod(org.testng.ITestResult)[pri:0, instance:test.TestTimeFunctionAll@53ac845a]" started-at="2023-01-31T17:56:43 EST" name="afterEachTestMethod" finished-at="2023-01-31T17:56:43 EST" duration-ms="19" status="PASS">
          <params>
            <param index="0">
              <value>
                <![CDATA[[TestResult name=deleteRowFromEditTimeSheet status=SUCCESS method=TestTimeFunctionAll.deleteRowFromEditTimeSheet()[pri:0, instance:test.TestTimeFunctionAll@53ac845a] output={null}]]]>
              </value>
            </param>
          </params>
          <reporter-output>
          </reporter-output>
        </test-method> <!-- afterEachTestMethod -->
        <test-method is-config="true" signature="tearDown()[pri:0, instance:test.TestTimeFunctionAll@53ac845a]" started-at="2023-01-31T17:56:43 EST" name="tearDown" finished-at="2023-01-31T17:56:59 EST" duration-ms="16257" status="PASS">
          <reporter-output>
          </reporter-output>
        </test-method> <!-- tearDown -->
      </class> <!-- test.TestTimeFunctionAll -->
      <class name="test.TestAddContact">
        <test-method is-config="true" signature="setUp(java.lang.String,java.lang.String)[pri:0, instance:test.TestAddContact@68ba310d]" started-at="2023-01-31T17:48:15 EST" name="setUp" finished-at="2023-01-31T17:48:19 EST" duration-ms="4211" status="PASS">
          <params>
            <param index="0">
              <value>
                <![CDATA[https://opensource-demo.orangehrmlive.com/]]>
              </value>
            </param>
            <param index="1">
              <value>
                <![CDATA[Chrome]]>
              </value>
            </param>
          </params>
          <reporter-output>
          </reporter-output>
        </test-method> <!-- setUp -->
        <test-method is-config="true" signature="startExtent(java.lang.reflect.Method)[pri:0, instance:test.TestAddContact@68ba310d]" started-at="2023-01-31T17:48:19 EST" name="startExtent" finished-at="2023-01-31T17:48:19 EST" duration-ms="1" status="PASS">
          <params>
            <param index="0">
              <value>
                <![CDATA[public void test.TestAddContact.addEmergencyContact() throws java.lang.InterruptedException]]>
              </value>
            </param>
          </params>
          <reporter-output>
          </reporter-output>
        </test-method> <!-- startExtent -->
        <test-method signature="addEmergencyContact()[pri:0, instance:test.TestAddContact@68ba310d]" started-at="2023-01-31T17:48:19 EST" name="addEmergencyContact" finished-at="2023-01-31T17:48:53 EST" duration-ms="33617" status="PASS">
          <reporter-output>
          </reporter-output>
        </test-method> <!-- addEmergencyContact -->
        <test-method is-config="true" signature="afterEachTestMethod(org.testng.ITestResult)[pri:0, instance:test.TestAddContact@68ba310d]" started-at="2023-01-31T17:48:53 EST" name="afterEachTestMethod" finished-at="2023-01-31T17:48:53 EST" duration-ms="45" status="PASS">
          <params>
            <param index="0">
              <value>
                <![CDATA[[TestResult name=addEmergencyContact status=SUCCESS method=TestAddContact.addEmergencyContact()[pri:0, instance:test.TestAddContact@68ba310d] output={null}]]]>
              </value>
            </param>
          </params>
          <reporter-output>
          </reporter-output>
        </test-method> <!-- afterEachTestMethod -->
        <test-method is-config="true" signature="tearDown()[pri:0, instance:test.TestAddContact@68ba310d]" started-at="2023-01-31T17:48:53 EST" name="tearDown" finished-at="2023-01-31T17:49:09 EST" duration-ms="16277" status="PASS">
          <reporter-output>
          </reporter-output>
        </test-method> <!-- tearDown -->
      </class> <!-- test.TestAddContact -->
    </test> <!-- orangehrm tests -->
  </suite> <!-- orangehrm test -->
</testng-results>
