<?xml version="1.0" encoding="UTF-8"?>
<testng-results ignored="0" total="1" passed="0" failed="1" skipped="0">
  <reporter-output>
    <line>
      <![CDATA[Extent Report DirectoryC:\Users\hemal\IdeaProjects\group2-automation-final-bootcamp\test-output\html]]>
    </line>
  </reporter-output>
  <suite started-at="2023-02-07T17:00:16 GMT-12:00" name="ui.freecrm test" finished-at="2023-02-07T17:00:37 GMT-12:00" duration-ms="21549">
    <groups>
    </groups>
    <test started-at="2023-02-07T17:00:16 GMT-12:00" name="ui.freecrm tests" finished-at="2023-02-07T17:00:37 GMT-12:00" duration-ms="21549">
      <class name="test.RadioTest">
        <test-method is-config="true" signature="extentSetup(org.testng.ITestContext)[pri:0, instance:test.RadioTest@5b40ceb]" started-at="2023-02-07T17:00:16 GMT-12:00" name="extentSetup" finished-at="2023-02-07T17:00:16 GMT-12:00" duration-ms="131" status="PASS">
          <params>
            <param index="0">
              <value>
                <![CDATA[org.testng.TestRunner@5a97b17c]]>
              </value>
            </param>
          </params>
          <reporter-output>
            <line>
              <![CDATA[Extent Report DirectoryC:\Users\hemal\IdeaProjects\group2-automation-final-bootcamp\test-output\html]]>
            </line>
          </reporter-output>
        </test-method> <!-- extentSetup -->
        <test-method is-config="true" signature="setUp(java.lang.String,java.lang.String)[pri:0, instance:test.RadioTest@5b40ceb]" started-at="2023-02-07T17:00:16 GMT-12:00" name="setUp" finished-at="2023-02-07T17:00:20 GMT-12:00" duration-ms="3754" status="PASS">
          <params>
            <param index="0">
              <value>
                <![CDATA[https://ui.freecrm.com/]]>
              </value>
            </param>
            <param index="1">
              <value>
                <![CDATA[Chrome]]>
              </value>
            </param>
          </params>
          <reporter-output>
          </reporter-output>
        </test-method> <!-- setUp -->
        <test-method is-config="true" signature="startExtent(java.lang.reflect.Method)[pri:0, instance:test.RadioTest@5b40ceb]" started-at="2023-02-07T17:00:20 GMT-12:00" name="startExtent" finished-at="2023-02-07T17:00:20 GMT-12:00" duration-ms="6" status="PASS">
          <params>
            <param index="0">
              <value>
                <![CDATA[public void test.RadioTest.radioMethod() throws java.lang.InterruptedException]]>
              </value>
            </param>
          </params>
          <reporter-output>
          </reporter-output>
        </test-method> <!-- startExtent -->
        <test-method signature="radioMethod()[pri:0, instance:test.RadioTest@5b40ceb]" started-at="2023-02-07T17:00:20 GMT-12:00" name="radioMethod" finished-at="2023-02-07T17:00:21 GMT-12:00" duration-ms="1148" status="FAIL">
          <exception class="java.lang.NullPointerException">
            <full-stacktrace>
              <![CDATA[java.lang.NullPointerException
at base.CommonAPI.clickWithJavaScript(CommonAPI.java:132)
at page.RadioBtn.setClickOnRadioBox(RadioBtn.java:27)
at test.RadioTest.radioMethod(RadioTest.java:22)
at java.base/jdk.internal.reflect.NativeMethodAccessorImpl.invoke0(Native Method)
at java.base/jdk.internal.reflect.NativeMethodAccessorImpl.invoke(NativeMethodAccessorImpl.java:62)
at java.base/jdk.internal.reflect.DelegatingMethodAccessorImpl.invoke(DelegatingMethodAccessorImpl.java:43)
at java.base/java.lang.reflect.Method.invoke(Method.java:566)
at org.testng.internal.invokers.MethodInvocationHelper.invokeMethod(MethodInvocationHelper.java:139)
at org.testng.internal.invokers.TestInvoker.invokeMethod(TestInvoker.java:677)
at org.testng.internal.invokers.TestInvoker.invokeTestMethod(TestInvoker.java:221)
at org.testng.internal.invokers.MethodRunner.runInSequence(MethodRunner.java:50)
at org.testng.internal.invokers.TestInvoker$MethodInvocationAgent.invoke(TestInvoker.java:969)
at org.testng.internal.invokers.TestInvoker.invokeTestMethods(TestInvoker.java:194)
at org.testng.internal.invokers.TestMethodWorker.invokeTestMethods(TestMethodWorker.java:148)
at org.testng.internal.invokers.TestMethodWorker.run(TestMethodWorker.java:128)
at java.base/java.util.ArrayList.forEach(ArrayList.java:1541)
at org.testng.TestRunner.privateRun(TestRunner.java:829)
at org.testng.TestRunner.run(TestRunner.java:602)
at org.testng.SuiteRunner.runTest(SuiteRunner.java:437)
at org.testng.SuiteRunner.runSequentially(SuiteRunner.java:431)
at org.testng.SuiteRunner.privateRun(SuiteRunner.java:391)
at org.testng.SuiteRunner.run(SuiteRunner.java:330)
at org.testng.SuiteRunnerWorker.runSuite(SuiteRunnerWorker.java:52)
at org.testng.SuiteRunnerWorker.run(SuiteRunnerWorker.java:95)
at org.testng.TestNG.runSuitesSequentially(TestNG.java:1256)
at org.testng.TestNG.runSuitesLocally(TestNG.java:1176)
at org.testng.TestNG.runSuites(TestNG.java:1099)
at org.testng.TestNG.run(TestNG.java:1067)
at com.intellij.rt.testng.IDEARemoteTestNG.run(IDEARemoteTestNG.java:66)
at com.intellij.rt.testng.RemoteTestNGStarter.main(RemoteTestNGStarter.java:109)
]]>
            </full-stacktrace>
          </exception> <!-- java.lang.NullPointerException -->
          <reporter-output>
          </reporter-output>
        </test-method> <!-- radioMethod -->
        <test-method is-config="true" signature="afterEachTestMethod(org.testng.ITestResult)[pri:0, instance:test.RadioTest@5b40ceb]" started-at="2023-02-07T17:00:21 GMT-12:00" name="afterEachTestMethod" finished-at="2023-02-07T17:00:21 GMT-12:00" duration-ms="280" status="PASS">
          <params>
            <param index="0">
              <value>
                <![CDATA[[TestResult name=radioMethod status=FAILURE method=RadioTest.radioMethod()[pri:0, instance:test.RadioTest@5b40ceb] output={null}]]]>
              </value>
            </param>
          </params>
          <reporter-output>
          </reporter-output>
        </test-method> <!-- afterEachTestMethod -->
        <test-method is-config="true" signature="tearDown()[pri:0, instance:test.RadioTest@5b40ceb]" started-at="2023-02-07T17:00:21 GMT-12:00" name="tearDown" finished-at="2023-02-07T17:00:37 GMT-12:00" duration-ms="16326" status="PASS">
          <reporter-output>
          </reporter-output>
        </test-method> <!-- tearDown -->
        <test-method is-config="true" signature="generateReport()[pri:0, instance:test.RadioTest@5b40ceb]" started-at="2023-02-07T17:00:37 GMT-12:00" name="generateReport" finished-at="2023-02-07T17:00:37 GMT-12:00" duration-ms="68" status="PASS">
          <reporter-output>
          </reporter-output>
        </test-method> <!-- generateReport -->
      </class> <!-- test.RadioTest -->
    </test> <!-- ui.freecrm tests -->
  </suite> <!-- ui.freecrm test -->
</testng-results>
